  main.cpp
D:\BT C++\Buoi5_BT1\BT3\main.cpp(15,17): warning C4566: character represented by universal-character-name '\u0110' cannot be represented in the current code page (1252)
D:\BT C++\Buoi5_BT1\BT3\main.cpp(15,17): warning C4566: character represented by universal-character-name '\u1EA1' cannot be represented in the current code page (1252)
D:\BT C++\Buoi5_BT1\BT3\main.cpp(15,44): warning C4566: character represented by universal-character-name '\u1EA3' cannot be represented in the current code page (1252)
D:\BT C++\Buoi5_BT1\BT3\main.cpp(18,17): warning C4566: character represented by universal-character-name '\u1ED1' cannot be represented in the current code page (1252)
D:\BT C++\Buoi5_BT1\BT3\main.cpp(18,17): warning C4566: character represented by universal-character-name '\u1EC1' cannot be represented in the current code page (1252)
D:\BT C++\Buoi5_BT1\BT3\main.cpp(18,17): warning C4566: character represented by universal-character-name '\u1EE3' cannot be represented in the current code page (1252)
D:\BT C++\Buoi5_BT1\BT3\main.cpp(18,17): warning C4566: character represented by universal-character-name '\u1EC7' cannot be represented in the current code page (1252)
D:\BT C++\Buoi5_BT1\BT3\main.cpp(24,17): warning C4566: character represented by universal-character-name '\u0110' cannot be represented in the current code page (1252)
D:\BT C++\Buoi5_BT1\BT3\main.cpp(24,43): warning C4566: character represented by universal-character-name '\u1EEB' cannot be represented in the current code page (1252)
D:\BT C++\Buoi5_BT1\BT3\main.cpp(24,43): warning C4566: character represented by universal-character-name '\u1EA3' cannot be represented in the current code page (1252)
D:\BT C++\Buoi5_BT1\BT3\main.cpp(28,17): warning C4566: character represented by universal-character-name '\u1EC3' cannot be represented in the current code page (1252)
D:\BT C++\Buoi5_BT1\BT3\main.cpp(28,17): warning C4566: character represented by universal-character-name '\u1EC1' cannot be represented in the current code page (1252)
D:\BT C++\Buoi5_BT1\BT3\main.cpp(28,17): warning C4566: character represented by universal-character-name '\u1ED1' cannot be represented in the current code page (1252)
D:\BT C++\Buoi5_BT1\BT3\main.cpp(28,17): warning C4566: character represented by universal-character-name '\u01B0' cannot be represented in the current code page (1252)
D:\BT C++\Buoi5_BT1\BT3\main.cpp(28,17): warning C4566: character represented by universal-character-name '\u0111' cannot be represented in the current code page (1252)
D:\BT C++\Buoi5_BT1\BT3\main.cpp(28,17): warning C4566: character represented by universal-character-name '\u1EE7' cannot be represented in the current code page (1252)
D:\BT C++\Buoi5_BT1\BT3\main.cpp(28,17): warning C4566: character represented by universal-character-name '\u1EB7' cannot be represented in the current code page (1252)
D:\BT C++\Buoi5_BT1\BT3\main.cpp(28,17): warning C4566: character represented by universal-character-name '\u1EE3' cannot be represented in the current code page (1252)
D:\BT C++\Buoi5_BT1\BT3\main.cpp(28,17): warning C4566: character represented by universal-character-name '\u1EC7' cannot be represented in the current code page (1252)
D:\BT C++\Buoi5_BT1\BT3\main.cpp(33,16): warning C4566: character represented by universal-character-name '\u1ED1' cannot be represented in the current code page (1252)
D:\BT C++\Buoi5_BT1\BT3\main.cpp(33,16): warning C4566: character represented by universal-character-name '\u1EA3' cannot be represented in the current code page (1252)
D:\BT C++\Buoi5_BT1\BT3\main.cpp(34,16): warning C4566: character represented by universal-character-name '\u1EE7' cannot be represented in the current code page (1252)
D:\BT C++\Buoi5_BT1\BT3\main.cpp(34,16): warning C4566: character represented by universal-character-name '\u1EA3' cannot be represented in the current code page (1252)
D:\BT C++\Buoi5_BT1\BT3\main.cpp(35,16): warning C4566: character represented by universal-character-name '\u1ED1' cannot be represented in the current code page (1252)
D:\BT C++\Buoi5_BT1\BT3\main.cpp(35,16): warning C4566: character represented by universal-character-name '\u01B0' cannot be represented in the current code page (1252)
D:\BT C++\Buoi5_BT1\BT3\main.cpp(49,16): warning C4566: character represented by universal-character-name '\u0110' cannot be represented in the current code page (1252)
D:\BT C++\Buoi5_BT1\BT3\main.cpp(49,16): warning C4566: character represented by universal-character-name '\u1ED9' cannot be represented in the current code page (1252)
D:\BT C++\Buoi5_BT1\BT3\main.cpp(53,16): warning C4566: character represented by universal-character-name '\u1EA5' cannot be represented in the current code page (1252)
D:\BT C++\Buoi5_BT1\BT3\main.cpp(66,17): warning C4566: character represented by universal-character-name '\u0110' cannot be represented in the current code page (1252)
D:\BT C++\Buoi5_BT1\BT3\main.cpp(66,43): warning C4566: character represented by universal-character-name '\u1EEB' cannot be represented in the current code page (1252)
D:\BT C++\Buoi5_BT1\BT3\main.cpp(66,43): warning C4566: character represented by universal-character-name '\u1EA3' cannot be represented in the current code page (1252)
D:\BT C++\Buoi5_BT1\BT3\main.cpp(70,17): warning C4566: character represented by universal-character-name '\u1EC3' cannot be represented in the current code page (1252)
D:\BT C++\Buoi5_BT1\BT3\main.cpp(70,17): warning C4566: character represented by universal-character-name '\u1EC1' cannot be represented in the current code page (1252)
D:\BT C++\Buoi5_BT1\BT3\main.cpp(70,17): warning C4566: character represented by universal-character-name '\u01B0' cannot be represented in the current code page (1252)
D:\BT C++\Buoi5_BT1\BT3\main.cpp(70,17): warning C4566: character represented by universal-character-name '\u1EE3' cannot be represented in the current code page (1252)
D:\BT C++\Buoi5_BT1\BT3\main.cpp(70,17): warning C4566: character represented by universal-character-name '\u1EDB' cannot be represented in the current code page (1252)
D:\BT C++\Buoi5_BT1\BT3\main.cpp(70,17): warning C4566: character represented by universal-character-name '\u1EA1' cannot be represented in the current code page (1252)
D:\BT C++\Buoi5_BT1\BT3\main.cpp(70,17): warning C4566: character represented by universal-character-name '\u1EA5' cannot be represented in the current code page (1252)
D:\BT C++\Buoi5_BT1\BT3\main.cpp(70,17): warning C4566: character represented by universal-character-name '\u1EB7' cannot be represented in the current code page (1252)
D:\BT C++\Buoi5_BT1\BT3\main.cpp(70,17): warning C4566: character represented by universal-character-name '\u1ED1' cannot be represented in the current code page (1252)
D:\BT C++\Buoi5_BT1\BT3\main.cpp(70,17): warning C4566: character represented by universal-character-name '\u1EC7' cannot be represented in the current code page (1252)
D:\BT C++\Buoi5_BT1\BT3\main.cpp(76,16): warning C4566: character represented by universal-character-name '\u1EDB' cannot be represented in the current code page (1252)
D:\BT C++\Buoi5_BT1\BT3\main.cpp(76,16): warning C4566: character represented by universal-character-name '\u1EA1' cannot be represented in the current code page (1252)
D:\BT C++\Buoi5_BT1\BT3\main.cpp(76,16): warning C4566: character represented by universal-character-name '\u1EA5' cannot be represented in the current code page (1252)
D:\BT C++\Buoi5_BT1\BT3\main.cpp(103,15): warning C4566: character represented by universal-character-name '\u1EA5' cannot be represented in the current code page (1252)
D:\BT C++\Buoi5_BT1\BT3\main.cpp(103,15): warning C4566: character represented by universal-character-name '\u1EA3' cannot be represented in the current code page (1252)
  BT3.vcxproj -> D:\BT C++\Buoi5_BT1\x64\Debug\BT3.exe
